<?xml version="1.0" encoding="UTF-8"?>
<testsuite xmlns:xsi="http://www.w3.org/2001/XMLSchema-instance" xsi:noNamespaceSchemaLocation="https://maven.apache.org/surefire/maven-surefire-plugin/xsd/surefire-test-report-3.0.xsd" version="3.0" name="TestSuite" time="21.289" tests="2" errors="0" skipped="0" failures="0">
  <properties>
    <property name="java.specification.version" value="17"/>
    <property name="webdriver.chrome.driver" value="C:\Users\91999\.cache\selenium\chromedriver\win32\104.0.5112.79\chromedriver.exe"/>
    <property name="sun.cpu.isalist" value="amd64"/>
    <property name="sun.jnu.encoding" value="Cp1252"/>
    <property name="java.class.path" value="K:\FrameworkExperience\target\test-classes;K:\FrameworkExperience\target\classes;C:\Users\91999\.m2\repository\org\seleniumhq\selenium\selenium-java\4.0.0-rc-2\selenium-java-4.0.0-rc-2.jar;C:\Users\91999\.m2\repository\org\seleniumhq\selenium\selenium-api\4.0.0-rc-2\selenium-api-4.0.0-rc-2.jar;C:\Users\91999\.m2\repository\org\seleniumhq\selenium\selenium-chrome-driver\4.0.0-rc-2\selenium-chrome-driver-4.0.0-rc-2.jar;C:\Users\91999\.m2\repository\com\google\auto\service\auto-service-annotations\1.0\auto-service-annotations-1.0.jar;C:\Users\91999\.m2\repository\com\google\auto\service\auto-service\1.0\auto-service-1.0.jar;C:\Users\91999\.m2\repository\com\google\auto\auto-common\1.0\auto-common-1.0.jar;C:\Users\91999\.m2\repository\com\google\guava\guava\30.1.1-jre\guava-30.1.1-jre.jar;C:\Users\91999\.m2\repository\com\google\guava\failureaccess\1.0.1\failureaccess-1.0.1.jar;C:\Users\91999\.m2\repository\com\google\guava\listenablefuture\9999.0-empty-to-avoid-conflict-with-guava\listenablefuture-9999.0-empty-to-avoid-conflict-with-guava.jar;C:\Users\91999\.m2\repository\com\google\code\findbugs\jsr305\3.0.2\jsr305-3.0.2.jar;C:\Users\91999\.m2\repository\org\checkerframework\checker-qual\3.8.0\checker-qual-3.8.0.jar;C:\Users\91999\.m2\repository\com\google\errorprone\error_prone_annotations\2.5.1\error_prone_annotations-2.5.1.jar;C:\Users\91999\.m2\repository\com\google\j2objc\j2objc-annotations\1.3\j2objc-annotations-1.3.jar;C:\Users\91999\.m2\repository\org\seleniumhq\selenium\selenium-chromium-driver\4.0.0-rc-2\selenium-chromium-driver-4.0.0-rc-2.jar;C:\Users\91999\.m2\repository\org\seleniumhq\selenium\selenium-json\4.0.0-rc-2\selenium-json-4.0.0-rc-2.jar;C:\Users\91999\.m2\repository\org\seleniumhq\selenium\selenium-devtools-v85\4.0.0-rc-2\selenium-devtools-v85-4.0.0-rc-2.jar;C:\Users\91999\.m2\repository\org\seleniumhq\selenium\selenium-devtools-v93\4.0.0-rc-2\selenium-devtools-v93-4.0.0-rc-2.jar;C:\Users\91999\.m2\repository\org\seleniumhq\selenium\selenium-devtools-v94\4.0.0-rc-2\selenium-devtools-v94-4.0.0-rc-2.jar;C:\Users\91999\.m2\repository\org\seleniumhq\selenium\selenium-edge-driver\4.0.0-rc-2\selenium-edge-driver-4.0.0-rc-2.jar;C:\Users\91999\.m2\repository\org\seleniumhq\selenium\selenium-firefox-driver\4.0.0-rc-2\selenium-firefox-driver-4.0.0-rc-2.jar;C:\Users\91999\.m2\repository\org\seleniumhq\selenium\selenium-firefox-xpi-driver\4.0.0-rc-2\selenium-firefox-xpi-driver-4.0.0-rc-2.jar;C:\Users\91999\.m2\repository\org\seleniumhq\selenium\selenium-ie-driver\4.0.0-rc-2\selenium-ie-driver-4.0.0-rc-2.jar;C:\Users\91999\.m2\repository\org\seleniumhq\selenium\selenium-opera-driver\4.0.0-rc-2\selenium-opera-driver-4.0.0-rc-2.jar;C:\Users\91999\.m2\repository\org\seleniumhq\selenium\selenium-remote-driver\4.0.0-rc-2\selenium-remote-driver-4.0.0-rc-2.jar;C:\Users\91999\.m2\repository\com\beust\jcommander\1.81\jcommander-1.81.jar;C:\Users\91999\.m2\repository\io\netty\netty-buffer\4.1.67.Final\netty-buffer-4.1.67.Final.jar;C:\Users\91999\.m2\repository\io\netty\netty-codec-http\4.1.67.Final\netty-codec-http-4.1.67.Final.jar;C:\Users\91999\.m2\repository\io\netty\netty-codec\4.1.67.Final\netty-codec-4.1.67.Final.jar;C:\Users\91999\.m2\repository\io\netty\netty-handler\4.1.67.Final\netty-handler-4.1.67.Final.jar;C:\Users\91999\.m2\repository\io\netty\netty-common\4.1.67.Final\netty-common-4.1.67.Final.jar;C:\Users\91999\.m2\repository\io\netty\netty-transport-native-epoll\4.1.67.Final\netty-transport-native-epoll-4.1.67.Final.jar;C:\Users\91999\.m2\repository\io\netty\netty-transport-native-kqueue\4.1.67.Final\netty-transport-native-kqueue-4.1.67.Final.jar;C:\Users\91999\.m2\repository\io\netty\netty-transport-native-unix-common\4.1.67.Final\netty-transport-native-unix-common-4.1.67.Final.jar;C:\Users\91999\.m2\repository\io\netty\netty-transport\4.1.67.Final\netty-transport-4.1.67.Final.jar;C:\Users\91999\.m2\repository\io\netty\netty-resolver\4.1.67.Final\netty-resolver-4.1.67.Final.jar;C:\Users\91999\.m2\repository\io\opentelemetry\opentelemetry-api\1.5.0\opentelemetry-api-1.5.0.jar;C:\Users\91999\.m2\repository\io\opentelemetry\opentelemetry-context\1.5.0\opentelemetry-context-1.5.0.jar;C:\Users\91999\.m2\repository\io\opentelemetry\opentelemetry-exporter-logging\1.5.0\opentelemetry-exporter-logging-1.5.0.jar;C:\Users\91999\.m2\repository\io\opentelemetry\opentelemetry-sdk-metrics\1.5.0-alpha\opentelemetry-sdk-metrics-1.5.0-alpha.jar;C:\Users\91999\.m2\repository\io\opentelemetry\opentelemetry-sdk-common\1.5.0\opentelemetry-sdk-common-1.5.0.jar;C:\Users\91999\.m2\repository\io\opentelemetry\opentelemetry-sdk-extension-autoconfigure\1.5.0-alpha\opentelemetry-sdk-extension-autoconfigure-1.5.0-alpha.jar;C:\Users\91999\.m2\repository\io\opentelemetry\opentelemetry-sdk-trace\1.5.0\opentelemetry-sdk-trace-1.5.0.jar;C:\Users\91999\.m2\repository\io\opentelemetry\opentelemetry-api-metrics\1.5.0-alpha\opentelemetry-api-metrics-1.5.0-alpha.jar;C:\Users\91999\.m2\repository\io\opentelemetry\opentelemetry-sdk\1.5.0\opentelemetry-sdk-1.5.0.jar;C:\Users\91999\.m2\repository\io\opentelemetry\opentelemetry-semconv\1.5.0-alpha\opentelemetry-semconv-1.5.0-alpha.jar;C:\Users\91999\.m2\repository\io\ous\jtoml\2.0.0\jtoml-2.0.0.jar;C:\Users\91999\.m2\repository\net\bytebuddy\byte-buddy\1.11.13\byte-buddy-1.11.13.jar;C:\Users\91999\.m2\repository\org\apache\commons\commons-exec\1.3\commons-exec-1.3.jar;C:\Users\91999\.m2\repository\org\asynchttpclient\async-http-client\2.12.3\async-http-client-2.12.3.jar;C:\Users\91999\.m2\repository\org\asynchttpclient\async-http-client-netty-utils\2.12.3\async-http-client-netty-utils-2.12.3.jar;C:\Users\91999\.m2\repository\io\netty\netty-codec-socks\4.1.60.Final\netty-codec-socks-4.1.60.Final.jar;C:\Users\91999\.m2\repository\io\netty\netty-handler-proxy\4.1.60.Final\netty-handler-proxy-4.1.60.Final.jar;C:\Users\91999\.m2\repository\io\netty\netty-transport-native-epoll\4.1.60.Final\netty-transport-native-epoll-4.1.60.Final-linux-x86_64.jar;C:\Users\91999\.m2\repository\io\netty\netty-transport-native-kqueue\4.1.60.Final\netty-transport-native-kqueue-4.1.60.Final-osx-x86_64.jar;C:\Users\91999\.m2\repository\org\reactivestreams\reactive-streams\1.0.3\reactive-streams-1.0.3.jar;C:\Users\91999\.m2\repository\com\typesafe\netty\netty-reactive-streams\2.0.4\netty-reactive-streams-2.0.4.jar;C:\Users\91999\.m2\repository\com\sun\activation\jakarta.activation\1.2.2\jakarta.activation-1.2.2.jar;C:\Users\91999\.m2\repository\org\seleniumhq\selenium\selenium-http\4.0.0-rc-2\selenium-http-4.0.0-rc-2.jar;C:\Users\91999\.m2\repository\org\seleniumhq\selenium\selenium-safari-driver\4.0.0-rc-2\selenium-safari-driver-4.0.0-rc-2.jar;C:\Users\91999\.m2\repository\org\seleniumhq\selenium\selenium-support\4.0.0-rc-2\selenium-support-4.0.0-rc-2.jar;C:\Users\91999\.m2\repository\io\cucumber\cucumber-java\5.4.0\cucumber-java-5.4.0.jar;C:\Users\91999\.m2\repository\io\cucumber\cucumber-core\5.4.0\cucumber-core-5.4.0.jar;C:\Users\91999\.m2\repository\io\cucumber\cucumber-gherkin\5.4.0\cucumber-gherkin-5.4.0.jar;C:\Users\91999\.m2\repository\io\cucumber\cucumber-gherkin-vintage\5.4.0\cucumber-gherkin-vintage-5.4.0.jar;C:\Users\91999\.m2\repository\io\cucumber\tag-expressions\2.0.4\tag-expressions-2.0.4.jar;C:\Users\91999\.m2\repository\io\cucumber\cucumber-expressions\8.3.1\cucumber-expressions-8.3.1.jar;C:\Users\91999\.m2\repository\io\cucumber\datatable\3.3.0\datatable-3.3.0.jar;C:\Users\91999\.m2\repository\io\cucumber\cucumber-plugin\5.4.0\cucumber-plugin-5.4.0.jar;C:\Users\91999\.m2\repository\io\cucumber\docstring\5.4.0\docstring-5.4.0.jar;C:\Users\91999\.m2\repository\org\apiguardian\apiguardian-api\1.1.0\apiguardian-api-1.1.0.jar;C:\Users\91999\.m2\repository\io\cucumber\cucumber-testng\5.4.0\cucumber-testng-5.4.0.jar;C:\Users\91999\.m2\repository\org\testng\testng\7.1.0\testng-7.1.0.jar;C:\Users\91999\.m2\repository\com\google\inject\guice\4.1.0\guice-4.1.0-no_aop.jar;C:\Users\91999\.m2\repository\javax\inject\javax.inject\1\javax.inject-1.jar;C:\Users\91999\.m2\repository\aopalliance\aopalliance\1.0\aopalliance-1.0.jar;C:\Users\91999\.m2\repository\org\yaml\snakeyaml\1.21\snakeyaml-1.21.jar;C:\Users\91999\.m2\repository\io\cucumber\cucumber-picocontainer\5.4.0\cucumber-picocontainer-5.4.0.jar;C:\Users\91999\.m2\repository\org\picocontainer\picocontainer\2.15\picocontainer-2.15.jar;C:\Users\91999\.m2\repository\io\rest-assured\rest-assured\5.1.1\rest-assured-5.1.1.jar;C:\Users\91999\.m2\repository\org\apache\groovy\groovy\4.0.1\groovy-4.0.1.jar;C:\Users\91999\.m2\repository\org\apache\groovy\groovy-xml\4.0.1\groovy-xml-4.0.1.jar;C:\Users\91999\.m2\repository\org\apache\httpcomponents\httpclient\4.5.13\httpclient-4.5.13.jar;C:\Users\91999\.m2\repository\org\apache\httpcomponents\httpcore\4.4.13\httpcore-4.4.13.jar;C:\Users\91999\.m2\repository\commons-logging\commons-logging\1.2\commons-logging-1.2.jar;C:\Users\91999\.m2\repository\commons-codec\commons-codec\1.11\commons-codec-1.11.jar;C:\Users\91999\.m2\repository\org\apache\httpcomponents\httpmime\4.5.13\httpmime-4.5.13.jar;C:\Users\91999\.m2\repository\org\hamcrest\hamcrest\2.1\hamcrest-2.1.jar;C:\Users\91999\.m2\repository\org\ccil\cowan\tagsoup\tagsoup\1.2.1\tagsoup-1.2.1.jar;C:\Users\91999\.m2\repository\io\rest-assured\json-path\5.1.1\json-path-5.1.1.jar;C:\Users\91999\.m2\repository\org\apache\groovy\groovy-json\4.0.1\groovy-json-4.0.1.jar;C:\Users\91999\.m2\repository\io\rest-assured\rest-assured-common\5.1.1\rest-assured-common-5.1.1.jar;C:\Users\91999\.m2\repository\io\rest-assured\xml-path\5.1.1\xml-path-5.1.1.jar;C:\Users\91999\.m2\repository\io\github\bonigarcia\webdrivermanager\5.2.3\webdrivermanager-5.2.3.jar;C:\Users\91999\.m2\repository\org\slf4j\slf4j-api\1.7.36\slf4j-api-1.7.36.jar;C:\Users\91999\.m2\repository\com\google\code\gson\gson\2.9.1\gson-2.9.1.jar;C:\Users\91999\.m2\repository\com\github\docker-java\docker-java\3.2.13\docker-java-3.2.13.jar;C:\Users\91999\.m2\repository\com\github\docker-java\docker-java-core\3.2.13\docker-java-core-3.2.13.jar;C:\Users\91999\.m2\repository\com\github\docker-java\docker-java-api\3.2.13\docker-java-api-3.2.13.jar;C:\Users\91999\.m2\repository\com\fasterxml\jackson\core\jackson-annotations\2.10.3\jackson-annotations-2.10.3.jar;C:\Users\91999\.m2\repository\commons-io\commons-io\2.6\commons-io-2.6.jar;C:\Users\91999\.m2\repository\org\apache\commons\commons-compress\1.21\commons-compress-1.21.jar;C:\Users\91999\.m2\repository\com\fasterxml\jackson\core\jackson-databind\2.10.3\jackson-databind-2.10.3.jar;C:\Users\91999\.m2\repository\com\fasterxml\jackson\core\jackson-core\2.10.3\jackson-core-2.10.3.jar;C:\Users\91999\.m2\repository\org\bouncycastle\bcpkix-jdk15on\1.64\bcpkix-jdk15on-1.64.jar;C:\Users\91999\.m2\repository\org\bouncycastle\bcprov-jdk15on\1.64\bcprov-jdk15on-1.64.jar;C:\Users\91999\.m2\repository\org\slf4j\jcl-over-slf4j\1.7.30\jcl-over-slf4j-1.7.30.jar;C:\Users\91999\.m2\repository\com\github\docker-java\docker-java-transport-httpclient5\3.2.13\docker-java-transport-httpclient5-3.2.13.jar;C:\Users\91999\.m2\repository\com\github\docker-java\docker-java-transport\3.2.13\docker-java-transport-3.2.13.jar;C:\Users\91999\.m2\repository\net\java\dev\jna\jna\5.8.0\jna-5.8.0.jar;C:\Users\91999\.m2\repository\org\brotli\dec\0.1.2\dec-0.1.2.jar;C:\Users\91999\.m2\repository\org\apache\commons\commons-lang3\3.12.0\commons-lang3-3.12.0.jar;C:\Users\91999\.m2\repository\org\apache\httpcomponents\client5\httpclient5\5.1.3\httpclient5-5.1.3.jar;C:\Users\91999\.m2\repository\org\apache\httpcomponents\core5\httpcore5\5.1.3\httpcore5-5.1.3.jar;C:\Users\91999\.m2\repository\org\apache\httpcomponents\core5\httpcore5-h2\5.1.3\httpcore5-h2-5.1.3.jar;"/>
    <property name="java.vm.vendor" value="Oracle Corporation"/>
    <property name="sun.arch.data.model" value="64"/>
    <property name="user.variant" value=""/>
    <property name="java.vendor.url" value="https://java.oracle.com/"/>
    <property name="user.timezone" value="Asia/Calcutta"/>
    <property name="os.name" value="Windows 10"/>
    <property name="java.vm.specification.version" value="17"/>
    <property name="sun.java.launcher" value="SUN_STANDARD"/>
    <property name="user.country" value="IN"/>
    <property name="sun.boot.library.path" value="C:\Program Files\Java\jdk-17\bin"/>
    <property name="sun.java.command" value="C:\Users\91999\AppData\Local\Temp\surefire2419603919743536467\surefirebooter4618244881776474820.jar C:\Users\91999\AppData\Local\Temp\surefire2419603919743536467 2022-08-15T14-29-18_171-jvmRun1 surefire14509885495097871538tmp surefire_012365820024387709099tmp"/>
    <property name="jdk.debug" value="release"/>
    <property name="surefire.test.class.path" value="K:\FrameworkExperience\target\test-classes;K:\FrameworkExperience\target\classes;C:\Users\91999\.m2\repository\org\seleniumhq\selenium\selenium-java\4.0.0-rc-2\selenium-java-4.0.0-rc-2.jar;C:\Users\91999\.m2\repository\org\seleniumhq\selenium\selenium-api\4.0.0-rc-2\selenium-api-4.0.0-rc-2.jar;C:\Users\91999\.m2\repository\org\seleniumhq\selenium\selenium-chrome-driver\4.0.0-rc-2\selenium-chrome-driver-4.0.0-rc-2.jar;C:\Users\91999\.m2\repository\com\google\auto\service\auto-service-annotations\1.0\auto-service-annotations-1.0.jar;C:\Users\91999\.m2\repository\com\google\auto\service\auto-service\1.0\auto-service-1.0.jar;C:\Users\91999\.m2\repository\com\google\auto\auto-common\1.0\auto-common-1.0.jar;C:\Users\91999\.m2\repository\com\google\guava\guava\30.1.1-jre\guava-30.1.1-jre.jar;C:\Users\91999\.m2\repository\com\google\guava\failureaccess\1.0.1\failureaccess-1.0.1.jar;C:\Users\91999\.m2\repository\com\google\guava\listenablefuture\9999.0-empty-to-avoid-conflict-with-guava\listenablefuture-9999.0-empty-to-avoid-conflict-with-guava.jar;C:\Users\91999\.m2\repository\com\google\code\findbugs\jsr305\3.0.2\jsr305-3.0.2.jar;C:\Users\91999\.m2\repository\org\checkerframework\checker-qual\3.8.0\checker-qual-3.8.0.jar;C:\Users\91999\.m2\repository\com\google\errorprone\error_prone_annotations\2.5.1\error_prone_annotations-2.5.1.jar;C:\Users\91999\.m2\repository\com\google\j2objc\j2objc-annotations\1.3\j2objc-annotations-1.3.jar;C:\Users\91999\.m2\repository\org\seleniumhq\selenium\selenium-chromium-driver\4.0.0-rc-2\selenium-chromium-driver-4.0.0-rc-2.jar;C:\Users\91999\.m2\repository\org\seleniumhq\selenium\selenium-json\4.0.0-rc-2\selenium-json-4.0.0-rc-2.jar;C:\Users\91999\.m2\repository\org\seleniumhq\selenium\selenium-devtools-v85\4.0.0-rc-2\selenium-devtools-v85-4.0.0-rc-2.jar;C:\Users\91999\.m2\repository\org\seleniumhq\selenium\selenium-devtools-v93\4.0.0-rc-2\selenium-devtools-v93-4.0.0-rc-2.jar;C:\Users\91999\.m2\repository\org\seleniumhq\selenium\selenium-devtools-v94\4.0.0-rc-2\selenium-devtools-v94-4.0.0-rc-2.jar;C:\Users\91999\.m2\repository\org\seleniumhq\selenium\selenium-edge-driver\4.0.0-rc-2\selenium-edge-driver-4.0.0-rc-2.jar;C:\Users\91999\.m2\repository\org\seleniumhq\selenium\selenium-firefox-driver\4.0.0-rc-2\selenium-firefox-driver-4.0.0-rc-2.jar;C:\Users\91999\.m2\repository\org\seleniumhq\selenium\selenium-firefox-xpi-driver\4.0.0-rc-2\selenium-firefox-xpi-driver-4.0.0-rc-2.jar;C:\Users\91999\.m2\repository\org\seleniumhq\selenium\selenium-ie-driver\4.0.0-rc-2\selenium-ie-driver-4.0.0-rc-2.jar;C:\Users\91999\.m2\repository\org\seleniumhq\selenium\selenium-opera-driver\4.0.0-rc-2\selenium-opera-driver-4.0.0-rc-2.jar;C:\Users\91999\.m2\repository\org\seleniumhq\selenium\selenium-remote-driver\4.0.0-rc-2\selenium-remote-driver-4.0.0-rc-2.jar;C:\Users\91999\.m2\repository\com\beust\jcommander\1.81\jcommander-1.81.jar;C:\Users\91999\.m2\repository\io\netty\netty-buffer\4.1.67.Final\netty-buffer-4.1.67.Final.jar;C:\Users\91999\.m2\repository\io\netty\netty-codec-http\4.1.67.Final\netty-codec-http-4.1.67.Final.jar;C:\Users\91999\.m2\repository\io\netty\netty-codec\4.1.67.Final\netty-codec-4.1.67.Final.jar;C:\Users\91999\.m2\repository\io\netty\netty-handler\4.1.67.Final\netty-handler-4.1.67.Final.jar;C:\Users\91999\.m2\repository\io\netty\netty-common\4.1.67.Final\netty-common-4.1.67.Final.jar;C:\Users\91999\.m2\repository\io\netty\netty-transport-native-epoll\4.1.67.Final\netty-transport-native-epoll-4.1.67.Final.jar;C:\Users\91999\.m2\repository\io\netty\netty-transport-native-kqueue\4.1.67.Final\netty-transport-native-kqueue-4.1.67.Final.jar;C:\Users\91999\.m2\repository\io\netty\netty-transport-native-unix-common\4.1.67.Final\netty-transport-native-unix-common-4.1.67.Final.jar;C:\Users\91999\.m2\repository\io\netty\netty-transport\4.1.67.Final\netty-transport-4.1.67.Final.jar;C:\Users\91999\.m2\repository\io\netty\netty-resolver\4.1.67.Final\netty-resolver-4.1.67.Final.jar;C:\Users\91999\.m2\repository\io\opentelemetry\opentelemetry-api\1.5.0\opentelemetry-api-1.5.0.jar;C:\Users\91999\.m2\repository\io\opentelemetry\opentelemetry-context\1.5.0\opentelemetry-context-1.5.0.jar;C:\Users\91999\.m2\repository\io\opentelemetry\opentelemetry-exporter-logging\1.5.0\opentelemetry-exporter-logging-1.5.0.jar;C:\Users\91999\.m2\repository\io\opentelemetry\opentelemetry-sdk-metrics\1.5.0-alpha\opentelemetry-sdk-metrics-1.5.0-alpha.jar;C:\Users\91999\.m2\repository\io\opentelemetry\opentelemetry-sdk-common\1.5.0\opentelemetry-sdk-common-1.5.0.jar;C:\Users\91999\.m2\repository\io\opentelemetry\opentelemetry-sdk-extension-autoconfigure\1.5.0-alpha\opentelemetry-sdk-extension-autoconfigure-1.5.0-alpha.jar;C:\Users\91999\.m2\repository\io\opentelemetry\opentelemetry-sdk-trace\1.5.0\opentelemetry-sdk-trace-1.5.0.jar;C:\Users\91999\.m2\repository\io\opentelemetry\opentelemetry-api-metrics\1.5.0-alpha\opentelemetry-api-metrics-1.5.0-alpha.jar;C:\Users\91999\.m2\repository\io\opentelemetry\opentelemetry-sdk\1.5.0\opentelemetry-sdk-1.5.0.jar;C:\Users\91999\.m2\repository\io\opentelemetry\opentelemetry-semconv\1.5.0-alpha\opentelemetry-semconv-1.5.0-alpha.jar;C:\Users\91999\.m2\repository\io\ous\jtoml\2.0.0\jtoml-2.0.0.jar;C:\Users\91999\.m2\repository\net\bytebuddy\byte-buddy\1.11.13\byte-buddy-1.11.13.jar;C:\Users\91999\.m2\repository\org\apache\commons\commons-exec\1.3\commons-exec-1.3.jar;C:\Users\91999\.m2\repository\org\asynchttpclient\async-http-client\2.12.3\async-http-client-2.12.3.jar;C:\Users\91999\.m2\repository\org\asynchttpclient\async-http-client-netty-utils\2.12.3\async-http-client-netty-utils-2.12.3.jar;C:\Users\91999\.m2\repository\io\netty\netty-codec-socks\4.1.60.Final\netty-codec-socks-4.1.60.Final.jar;C:\Users\91999\.m2\repository\io\netty\netty-handler-proxy\4.1.60.Final\netty-handler-proxy-4.1.60.Final.jar;C:\Users\91999\.m2\repository\io\netty\netty-transport-native-epoll\4.1.60.Final\netty-transport-native-epoll-4.1.60.Final-linux-x86_64.jar;C:\Users\91999\.m2\repository\io\netty\netty-transport-native-kqueue\4.1.60.Final\netty-transport-native-kqueue-4.1.60.Final-osx-x86_64.jar;C:\Users\91999\.m2\repository\org\reactivestreams\reactive-streams\1.0.3\reactive-streams-1.0.3.jar;C:\Users\91999\.m2\repository\com\typesafe\netty\netty-reactive-streams\2.0.4\netty-reactive-streams-2.0.4.jar;C:\Users\91999\.m2\repository\com\sun\activation\jakarta.activation\1.2.2\jakarta.activation-1.2.2.jar;C:\Users\91999\.m2\repository\org\seleniumhq\selenium\selenium-http\4.0.0-rc-2\selenium-http-4.0.0-rc-2.jar;C:\Users\91999\.m2\repository\org\seleniumhq\selenium\selenium-safari-driver\4.0.0-rc-2\selenium-safari-driver-4.0.0-rc-2.jar;C:\Users\91999\.m2\repository\org\seleniumhq\selenium\selenium-support\4.0.0-rc-2\selenium-support-4.0.0-rc-2.jar;C:\Users\91999\.m2\repository\io\cucumber\cucumber-java\5.4.0\cucumber-java-5.4.0.jar;C:\Users\91999\.m2\repository\io\cucumber\cucumber-core\5.4.0\cucumber-core-5.4.0.jar;C:\Users\91999\.m2\repository\io\cucumber\cucumber-gherkin\5.4.0\cucumber-gherkin-5.4.0.jar;C:\Users\91999\.m2\repository\io\cucumber\cucumber-gherkin-vintage\5.4.0\cucumber-gherkin-vintage-5.4.0.jar;C:\Users\91999\.m2\repository\io\cucumber\tag-expressions\2.0.4\tag-expressions-2.0.4.jar;C:\Users\91999\.m2\repository\io\cucumber\cucumber-expressions\8.3.1\cucumber-expressions-8.3.1.jar;C:\Users\91999\.m2\repository\io\cucumber\datatable\3.3.0\datatable-3.3.0.jar;C:\Users\91999\.m2\repository\io\cucumber\cucumber-plugin\5.4.0\cucumber-plugin-5.4.0.jar;C:\Users\91999\.m2\repository\io\cucumber\docstring\5.4.0\docstring-5.4.0.jar;C:\Users\91999\.m2\repository\org\apiguardian\apiguardian-api\1.1.0\apiguardian-api-1.1.0.jar;C:\Users\91999\.m2\repository\io\cucumber\cucumber-testng\5.4.0\cucumber-testng-5.4.0.jar;C:\Users\91999\.m2\repository\org\testng\testng\7.1.0\testng-7.1.0.jar;C:\Users\91999\.m2\repository\com\google\inject\guice\4.1.0\guice-4.1.0-no_aop.jar;C:\Users\91999\.m2\repository\javax\inject\javax.inject\1\javax.inject-1.jar;C:\Users\91999\.m2\repository\aopalliance\aopalliance\1.0\aopalliance-1.0.jar;C:\Users\91999\.m2\repository\org\yaml\snakeyaml\1.21\snakeyaml-1.21.jar;C:\Users\91999\.m2\repository\io\cucumber\cucumber-picocontainer\5.4.0\cucumber-picocontainer-5.4.0.jar;C:\Users\91999\.m2\repository\org\picocontainer\picocontainer\2.15\picocontainer-2.15.jar;C:\Users\91999\.m2\repository\io\rest-assured\rest-assured\5.1.1\rest-assured-5.1.1.jar;C:\Users\91999\.m2\repository\org\apache\groovy\groovy\4.0.1\groovy-4.0.1.jar;C:\Users\91999\.m2\repository\org\apache\groovy\groovy-xml\4.0.1\groovy-xml-4.0.1.jar;C:\Users\91999\.m2\repository\org\apache\httpcomponents\httpclient\4.5.13\httpclient-4.5.13.jar;C:\Users\91999\.m2\repository\org\apache\httpcomponents\httpcore\4.4.13\httpcore-4.4.13.jar;C:\Users\91999\.m2\repository\commons-logging\commons-logging\1.2\commons-logging-1.2.jar;C:\Users\91999\.m2\repository\commons-codec\commons-codec\1.11\commons-codec-1.11.jar;C:\Users\91999\.m2\repository\org\apache\httpcomponents\httpmime\4.5.13\httpmime-4.5.13.jar;C:\Users\91999\.m2\repository\org\hamcrest\hamcrest\2.1\hamcrest-2.1.jar;C:\Users\91999\.m2\repository\org\ccil\cowan\tagsoup\tagsoup\1.2.1\tagsoup-1.2.1.jar;C:\Users\91999\.m2\repository\io\rest-assured\json-path\5.1.1\json-path-5.1.1.jar;C:\Users\91999\.m2\repository\org\apache\groovy\groovy-json\4.0.1\groovy-json-4.0.1.jar;C:\Users\91999\.m2\repository\io\rest-assured\rest-assured-common\5.1.1\rest-assured-common-5.1.1.jar;C:\Users\91999\.m2\repository\io\rest-assured\xml-path\5.1.1\xml-path-5.1.1.jar;C:\Users\91999\.m2\repository\io\github\bonigarcia\webdrivermanager\5.2.3\webdrivermanager-5.2.3.jar;C:\Users\91999\.m2\repository\org\slf4j\slf4j-api\1.7.36\slf4j-api-1.7.36.jar;C:\Users\91999\.m2\repository\com\google\code\gson\gson\2.9.1\gson-2.9.1.jar;C:\Users\91999\.m2\repository\com\github\docker-java\docker-java\3.2.13\docker-java-3.2.13.jar;C:\Users\91999\.m2\repository\com\github\docker-java\docker-java-core\3.2.13\docker-java-core-3.2.13.jar;C:\Users\91999\.m2\repository\com\github\docker-java\docker-java-api\3.2.13\docker-java-api-3.2.13.jar;C:\Users\91999\.m2\repository\com\fasterxml\jackson\core\jackson-annotations\2.10.3\jackson-annotations-2.10.3.jar;C:\Users\91999\.m2\repository\commons-io\commons-io\2.6\commons-io-2.6.jar;C:\Users\91999\.m2\repository\org\apache\commons\commons-compress\1.21\commons-compress-1.21.jar;C:\Users\91999\.m2\repository\com\fasterxml\jackson\core\jackson-databind\2.10.3\jackson-databind-2.10.3.jar;C:\Users\91999\.m2\repository\com\fasterxml\jackson\core\jackson-core\2.10.3\jackson-core-2.10.3.jar;C:\Users\91999\.m2\repository\org\bouncycastle\bcpkix-jdk15on\1.64\bcpkix-jdk15on-1.64.jar;C:\Users\91999\.m2\repository\org\bouncycastle\bcprov-jdk15on\1.64\bcprov-jdk15on-1.64.jar;C:\Users\91999\.m2\repository\org\slf4j\jcl-over-slf4j\1.7.30\jcl-over-slf4j-1.7.30.jar;C:\Users\91999\.m2\repository\com\github\docker-java\docker-java-transport-httpclient5\3.2.13\docker-java-transport-httpclient5-3.2.13.jar;C:\Users\91999\.m2\repository\com\github\docker-java\docker-java-transport\3.2.13\docker-java-transport-3.2.13.jar;C:\Users\91999\.m2\repository\net\java\dev\jna\jna\5.8.0\jna-5.8.0.jar;C:\Users\91999\.m2\repository\org\brotli\dec\0.1.2\dec-0.1.2.jar;C:\Users\91999\.m2\repository\org\apache\commons\commons-lang3\3.12.0\commons-lang3-3.12.0.jar;C:\Users\91999\.m2\repository\org\apache\httpcomponents\client5\httpclient5\5.1.3\httpclient5-5.1.3.jar;C:\Users\91999\.m2\repository\org\apache\httpcomponents\core5\httpcore5\5.1.3\httpcore5-5.1.3.jar;C:\Users\91999\.m2\repository\org\apache\httpcomponents\core5\httpcore5-h2\5.1.3\httpcore5-h2-5.1.3.jar;"/>
    <property name="sun.cpu.endian" value="little"/>
    <property name="user.home" value="C:\Users\91999"/>
    <property name="user.language" value="en"/>
    <property name="java.specification.vendor" value="Oracle Corporation"/>
    <property name="java.version.date" value="2021-09-14"/>
    <property name="java.home" value="C:\Program Files\Java\jdk-17"/>
    <property name="file.separator" value="\"/>
    <property name="basedir" value="K:\FrameworkExperience"/>
    <property name="java.vm.compressedOopsMode" value="32-bit"/>
    <property name="line.separator" value="&#10;"/>
    <property name="java.vm.specification.vendor" value="Oracle Corporation"/>
    <property name="java.specification.name" value="Java Platform API Specification"/>
    <property name="surefire.real.class.path" value="C:\Users\91999\AppData\Local\Temp\surefire2419603919743536467\surefirebooter4618244881776474820.jar"/>
    <property name="user.script" value=""/>
    <property name="sun.management.compiler" value="HotSpot 64-Bit Tiered Compilers"/>
    <property name="java.runtime.version" value="17+35-LTS-2724"/>
    <property name="user.name" value="91999"/>
    <property name="path.separator" value=";"/>
    <property name="os.version" value="10.0"/>
    <property name="java.runtime.name" value="Java(TM) SE Runtime Environment"/>
    <property name="file.encoding" value="Cp1252"/>
    <property name="sun.nio.ch.bugLevel" value=""/>
    <property name="java.vm.name" value="Java HotSpot(TM) 64-Bit Server VM"/>
    <property name="localRepository" value="C:\Users\91999\.m2\repository"/>
    <property name="java.vendor.url.bug" value="https://bugreport.java.com/bugreport/"/>
    <property name="java.io.tmpdir" value="C:\Users\91999\AppData\Local\Temp\"/>
    <property name="java.version" value="17"/>
    <property name="user.dir" value="K:\FrameworkExperience"/>
    <property name="os.arch" value="amd64"/>
    <property name="java.vm.specification.name" value="Java Virtual Machine Specification"/>
    <property name="sun.os.patch.level" value=""/>
    <property name="native.encoding" value="Cp1252"/>
    <property name="java.library.path" value="C:\Program Files\Java\jdk-17\bin;C:\WINDOWS\Sun\Java\bin;C:\WINDOWS\system32;C:\WINDOWS;C:\Program Files (x86)\Common Files\Oracle\Java\javapath;C:\WINDOWS\system32;C:\WINDOWS;C:\WINDOWS\System32\Wbem;C:\WINDOWS\System32\WindowsPowerShell\v1.0\;C:\WINDOWS\System32\OpenSSH\;C:\Program Files\Java\jdk-17\bin;C:\Maven\apache-maven-3.8.3-bin\apache-maven-3.8.3\bin;C:\Program Files\Git\cmd;C:\Program Files\dotnet\;C:\Program Files\nodejs\;C:\Users\91999\AppData\Local\Microsoft\WindowsApps;C:\Users\91999\AppData\Roaming\npm;."/>
    <property name="java.vm.info" value="mixed mode, sharing"/>
    <property name="java.vendor" value="Oracle Corporation"/>
    <property name="java.vm.version" value="17+35-LTS-2724"/>
    <property name="sun.io.unicode.encoding" value="UnicodeLittle"/>
    <property name="java.class.version" value="61.0"/>
  </properties>
  <testcase name="runScenario[&quot;Add one quantity from Store&quot;, &quot;Add to Cart&quot;](1)" classname="awsomecucumber.runner.MyTestNgRunnerTest" time="12.092">
    <system-out><![CDATA[Request method:	POST
Request URI:	https://askomdch.com/?wc-ajax=add_to_cart
Proxy:			<none>
Request params:	<none>
Query params:	<none>
Form params:	product_sku=
				quantity=1
				product_id=1215
Path params:	<none>
Headers:		Accept=*/*
				Content-Type=application/x-www-form-urlencoded; charset=ISO-8859-1
Cookies:		<none>
Multiparts:		<none>
Body:			<none>
]]></system-out>
    <system-err><![CDATA[Aug 15, 2022 2:29:20 PM io.cucumber.testng.TestNGCucumberRunner <init>
WARNING: By default Cucumber is running in --non-strict mode.
This default will change to --strict and --non-strict will be removed.
You can use --strict or @CucumberOptions(strict = true) to suppress this warning
SLF4J: Failed to load class "org.slf4j.impl.StaticLoggerBinder".
SLF4J: Defaulting to no-operation (NOP) logger implementation
SLF4J: See http://www.slf4j.org/codes.html#StaticLoggerBinder for further details.
Starting ChromeDriver 104.0.5112.79 (3cf3e8c8a07d104b9e1260c910efb8f383285dc5-refs/branch-heads/5112@{#1307}) on port 30060
Only local connections are allowed.
Please see https://chromedriver.chromium.org/security-considerations for suggestions on keeping ChromeDriver safe.
Starting ChromeDriver 104.0.5112.79 (3cf3e8c8a07d104b9e1260c910efb8f383285dc5-refs/branch-heads/5112@{#1307}) on port 1590
Only local connections are allowed.
Please see https://chromedriver.chromium.org/security-considerations for suggestions on keeping ChromeDriver safe.
ChromeDriver was started successfully.
ChromeDriver was started successfully.
Aug 15, 2022 2:29:23 PM org.openqa.selenium.remote.ProtocolHandshake createSession
INFO: Detected dialect: W3C
Aug 15, 2022 2:29:23 PM org.openqa.selenium.devtools.CdpVersionFinder findNearestMatch
WARNING: Unable to find an exact match for CDP version 104, so returning the closest version found: a no-op implementation
Aug 15, 2022 2:29:23 PM org.openqa.selenium.devtools.CdpVersionFinder findNearestMatch
INFO: Unable to find CDP implementation matching 104.
Aug 15, 2022 2:29:23 PM org.openqa.selenium.chromium.ChromiumDriver lambda$new$3
WARNING: Unable to find version of CDP to use for . You may need to include a dependency on a specific version of the CDP using something similar to `org.seleniumhq.selenium:selenium-devtools-v86:4.0.0-rc-2` where the version ("v86") matches the version of the chromium-based browser you're using and the version number of the artifact is the same as Selenium's.
Aug 15, 2022 2:29:25 PM org.openqa.selenium.remote.ProtocolHandshake createSession
INFO: Detected dialect: W3C
Aug 15, 2022 2:29:25 PM org.openqa.selenium.devtools.CdpVersionFinder findNearestMatch
WARNING: Unable to find an exact match for CDP version 104, so returning the closest version found: a no-op implementation
Aug 15, 2022 2:29:25 PM org.openqa.selenium.devtools.CdpVersionFinder findNearestMatch
INFO: Unable to find CDP implementation matching 104.
Aug 15, 2022 2:29:25 PM org.openqa.selenium.chromium.ChromiumDriver lambda$new$3
WARNING: Unable to find version of CDP to use for . You may need to include a dependency on a specific version of the CDP using something similar to `org.seleniumhq.selenium:selenium-devtools-v86:4.0.0-rc-2` where the version ("v86") matches the version of the chromium-based browser you're using and the version number of the artifact is the same as Selenium's.
]]></system-err>
  </testcase>
  <testcase name="runScenario[&quot;using default payment option&quot;, &quot;Place an Order&quot;](2)" classname="awsomecucumber.runner.MyTestNgRunnerTest" time="20.41">
    <system-out><![CDATA[HTTP/1.1 200 OK
Date: Mon, 15 Aug 2022 08:59:33 GMT
Content-Type: application/json; charset=UTF-8
Transfer-Encoding: chunked
Connection: keep-alive
vary: Accept-Encoding
x-content-type-options: nosniff
x-content-type-options: nosniff
x-robots-tag: noindex
set-cookie: woocommerce_items_in_cart=1; path=/
expires: Wed, 11 Jan 1984 05:00:00 GMT
Cache-Control: no-cache, must-revalidate, max-age=0
strict-transport-security: max-age=63072000
x-frame-options: SAMEORIGIN
x-xss-protection: 1; mode=block
Content-Encoding: gzip
CF-Cache-Status: DYNAMIC
set-cookie: woocommerce_cart_hash=42e65b245308ba4f486b61612707a993; path=/
set-cookie: wp_woocommerce_session_e39c30ea93030240fdcfed1ddf385ba1=c1f4d849238fc9869a3f51a7bd96acc4%7C%7C1660726773%7C%7C1660723173%7C%7C13834411ae41a7881e8bca7abf604586; expires=Wed, 17-Aug-2022 08:59:33 GMT; Max-Age=172800; path=/; secure; HttpOnly
set-cookie: woocommerce_items_in_cart=1; path=/
set-cookie: woocommerce_cart_hash=077edd270071e91cf806e27ea69d99f4; path=/
set-cookie: wp_woocommerce_session_e39c30ea93030240fdcfed1ddf385ba1=c1f4d849238fc9869a3f51a7bd96acc4%7C%7C1660726773%7C%7C1660723173%7C%7C13834411ae41a7881e8bca7abf604586; expires=Wed, 17-Aug-2022 08:59:33 GMT; Max-Age=172800; path=/; secure; HttpOnly
Expect-CT: max-age=604800, report-uri="https://report-uri.cloudflare.com/cdn-cgi/beacon/expect-ct"
Report-To: {"endpoints":[{"url":"https:\/\/a.nel.cloudflare.com\/report\/v3?s=nlU4l57QlnoS1YWvpzAr0V0dXZnmu1C4H87yt9HsTyrI8j5la3ws%2FkCFwh9dUsRsg4hukJ9FhUyZNv6bsMxa48bvbskdw5e9Ex3JRcRxNTpNrsD5vJxIwba0Aq0WAwo%3D"}],"group":"cf-nel","max_age":604800}
NEL: {"success_fraction":0,"report_to":"cf-nel","max_age":604800}
Server: cloudflare
CF-RAY: 73b0bc17888279f2-HYD
alt-svc: h3=":443"; ma=86400, h3-29=":443"; ma=86400

{
    "fragments": {
        "div.widget_shopping_cart_content": "<div class=\"widget_shopping_cart_content\">\n\n\t<ul class=\"woocommerce-mini-cart cart_list product_list_widget \">\n\t\t\t\t\t\t<li class=\"woocommerce-mini-cart-item mini_cart_item\">\n\t\t\t\t\t<a href=\"https://askomdch.com/cart/?remove_item=a4d2f0d23dcc84ce983ff9157f8b7f88&#038;_wpnonce=1578f39ffb\" class=\"remove remove_from_cart_button\" aria-label=\"Remove this item\" data-product_id=\"1215\" data-cart_item_key=\"a4d2f0d23dcc84ce983ff9157f8b7f88\" data-product_sku=\"\">&times;</a>\t\t\t\t\t\t\t\t\t\t\t<a href=\"https://askomdch.com/product/blue-shoes/\">\n\t\t\t\t\t\t\t<img width=\"300\" height=\"300\" src=\"https://askomdch.com/wp-content/uploads/2021/06/pro-14-300x300.jpg\" class=\"attachment-woocommerce_thumbnail size-woocommerce_thumbnail\" alt=\"\" srcset=\"https://askomdch.com/wp-content/uploads/2021/06/pro-14-300x300.jpg 300w, https://askomdch.com/wp-content/uploads/2021/06/pro-14-150x150.jpg 150w, https://askomdch.com/wp-content/uploads/2021/06/pro-14-100x100.jpg 100w, https://askomdch.com/wp-content/uploads/2021/06/pro-14.jpg 600w\" sizes=\"(max-width: 300px) 100vw, 300px\" />Blue Shoes\t\t\t\t\t\t</a>\n\t\t\t\t\t\t\t\t\t\t\t\t\t\t\t<span class=\"quantity\">1 &times; <span class=\"woocommerce-Price-amount amount\"><bdi><span class=\"woocommerce-Price-currencySymbol\">&#36;</span>45.00</bdi></span></span>\t\t\t\t</li>\n\t\t\t\t\t</ul>\n\n\t<p class=\"woocommerce-mini-cart__total total\">\n\t\t<strong>Subtotal:</strong> <span class=\"woocommerce-Price-amount amount\"><bdi><span class=\"woocommerce-Price-currencySymbol\">&#36;</span>45.00</bdi></span>\t</p>\n\n\t\n\t<p class=\"woocommerce-mini-cart__buttons buttons\"><a href=\"https://askomdch.com/cart/\" class=\"button wc-forward\">View cart</a><a href=\"https://askomdch.com/checkout/\" class=\"button checkout wc-forward\">Checkout</a></p>\n\n\t\n\n</div>",
        "a.cart-container": "\t\t\t<a class=\"cart-container\" href=\"https://askomdch.com/cart/\" title=\"View your shopping cart\">\r\n\r\n\t\t\t\t\t\t\t\t\t\t\t\t\t<div class=\"ast-cart-menu-wrap\">\r\n\t\t\t\t\t\t\t\t<span class=\"count\">\r\n\t\t\t\t\t\t\t\t\t1\t\t\t\t\t\t\t\t</span>\r\n\t\t\t\t\t\t\t</div>\r\n\t\t\t\t\t\t\t\t\t\t</a>\r\n\t\t\t"
    },
    "cart_hash": "077edd270071e91cf806e27ea69d99f4"
}
COUNTER 0: woocommerce_items_in_cart=1; path=/
COUNTER 1: woocommerce_cart_hash=42e65b245308ba4f486b61612707a993; path=/
COUNTER 2: wp_woocommerce_session_e39c30ea93030240fdcfed1ddf385ba1=c1f4d849238fc9869a3f51a7bd96acc4%7C%7C1660726773%7C%7C1660723173%7C%7C13834411ae41a7881e8bca7abf604586; expires=Wed, 17 Aug 2022 02:29:33 IST; path=/;secure;
COUNTER 3: woocommerce_items_in_cart=1; path=/
COUNTER 4: woocommerce_cart_hash=077edd270071e91cf806e27ea69d99f4; path=/
COUNTER 5: wp_woocommerce_session_e39c30ea93030240fdcfed1ddf385ba1=c1f4d849238fc9869a3f51a7bd96acc4%7C%7C1660726773%7C%7C1660723173%7C%7C13834411ae41a7881e8bca7abf604586; expires=Wed, 17 Aug 2022 02:29:33 IST; path=/;secure;
]]></system-out>
  </testcase>
</testsuite>