<?xml version="1.0" encoding="UTF-8"?>
<!-- Generated by org.testng.reporters.JUnitReportReporter -->
<testsuite hostname="DESKTOP-NGQSQUV" failures="0" tests="2" name="awsomecucumber.runner.MyTestNgRunnerTest" time="29.487" errors="0" timestamp="2022-08-15T14:26:59 IST" skipped="0">
  <testcase classname="awsomecucumber.runner.MyTestNgRunnerTest" name="runScenario" time="17.896"/>
  <system-out/>
  <testcase classname="awsomecucumber.runner.MyTestNgRunnerTest" name="runScenario" time="11.591"/>
  <system-out/>
</testsuite> <!-- awsomecucumber.runner.MyTestNgRunnerTest -->
