<?xml version="1.0" encoding="UTF-8"?>
<!-- Generated by org.testng.reporters.JUnitReportReporter -->
<testsuite hostname="DESKTOP-NGQSQUV" failures="0" tests="2" name="awsomecucumber.runner.MyTestNgRunnerTest" time="32.415" errors="0" timestamp="2022-08-15T14:29:41 IST" skipped="0">
  <testcase classname="awsomecucumber.runner.MyTestNgRunnerTest" name="runScenario" time="20.353"/>
  <system-out/>
  <testcase classname="awsomecucumber.runner.MyTestNgRunnerTest" name="runScenario" time="12.062"/>
  <system-out/>
</testsuite> <!-- awsomecucumber.runner.MyTestNgRunnerTest -->
